#
# There is insufficient memory for the Java Runtime Environment to continue.
# Native memory allocation (malloc) failed to allocate 2097152 bytes. Error detail: AllocateHeap
# Possible reasons:
#   The system is out of physical RAM or swap space
#   This process is running with CompressedOops enabled, and the Java Heap may be blocking the growth of the native heap
# Possible solutions:
#   Reduce memory load on the system
#   Increase physical memory or swap space
#   Check if swap backing store is full
#   Decrease Java heap size (-Xmx/-Xms)
#   Decrease number of Java threads
#   Decrease Java thread stack sizes (-Xss)
#   Set larger code cache with -XX:ReservedCodeCacheSize=
#   JVM is running with Unscaled Compressed Oops mode in which the Java heap is
#     placed in the first 4GB address space. The Java Heap base address is the
#     maximum limit for the native heap growth. Please use -XX:HeapBaseMinAddress
#     to set the Java Heap base and to place the Java Heap above 4GB virtual address.
# This output file may be truncated or incomplete.
#
#  Out of Memory Error (allocation.cpp:44), pid=6352, tid=1496
#
# JRE version: OpenJDK Runtime Environment Temurin-17.0.11+9 (17.0.11+9) (build 17.0.11+9)
# Java VM: OpenJDK 64-Bit Server VM Temurin-17.0.11+9 (17.0.11+9, mixed mode, emulated-client, tiered, compressed oops, compressed class ptrs, g1 gc, windows-amd64)
# No core dump will be written. Minidumps are not enabled by default on client versions of Windows
#

---------------  S U M M A R Y ------------

Command Line: -Xmx1024m -Dsts.lsp.client=vscode -Dsts.log.file=/dev/null -XX:TieredStopAtLevel=1 -Xlog:jni+resolve=off -Dspring.config.location=file:c:\Users\sagar\.vscode\extensions\vmware.vscode-spring-boot-1.56.0\language-server\BOOT-INF\classes\application.properties org.springframework.ide.vscode.boot.app.BootLanguageServerBootApp

Host: AMD Ryzen 5 5600H with Radeon Graphics         , 12 cores, 7G,  Windows 11 , 64 bit Build 22621 (10.0.22621.3958)
Time: Tue Aug  6 15:54:24 2024 India Standard Time elapsed time: 17652.478590 seconds (0d 4h 54m 12s)

---------------  T H R E A D  ---------------

Current thread (0x000002ba1f277230):  VMThread "VM Thread" [stack: 0x000000cab8000000,0x000000cab8100000] [id=1496]

Stack: [0x000000cab8000000,0x000000cab8100000]
Native frames: (J=compiled Java code, j=interpreted, Vv=VM code, C=native code)
V  [jvm.dll+0x67d429]
V  [jvm.dll+0x834b7a]
V  [jvm.dll+0x83663e]
V  [jvm.dll+0x836ca3]
V  [jvm.dll+0x247dbf]
V  [jvm.dll+0xa6cb3]
V  [jvm.dll+0x2f8b61]
V  [jvm.dll+0x2f4750]
V  [jvm.dll+0x2dcf67]
V  [jvm.dll+0x31fb67]
V  [jvm.dll+0x83b19b]
V  [jvm.dll+0x83bed2]
V  [jvm.dll+0x83c3ed]
V  [jvm.dll+0x83c7c4]
V  [jvm.dll+0x83c890]
V  [jvm.dll+0x7e410a]
V  [jvm.dll+0x67c315]
C  [ucrtbase.dll+0x29333]
C  [KERNEL32.DLL+0x1257d]
C  [ntdll.dll+0x5af28]

VM_Operation (0x000000cab9afecf0): G1CollectFull, mode: safepoint, requested by thread 0x000002ba1fede830


---------------  P R O C E S S  ---------------

Threads class SMR info:
_java_thread_list=0x000002ba25f17740, length=40, elements={
0x000002ba1f28d380, 0x000002ba1f28df10, 0x000002ba1f2b3a50, 0x000002ba1f2b45e0,
0x000002ba1f2b5ec0, 0x000002ba1f2b6790, 0x000002ba1f3de0e0, 0x000002ba1f3e7b60,
0x000002ba1f5fb950, 0x000002ba1f6072d0, 0x000002ba24b84ba0, 0x000002ba1fede830,
0x000002ba24cac040, 0x000002ba14047b80, 0x000002ba24e8e930, 0x000002ba24ed0f00,
0x000002ba24ed2d80, 0x000002ba24ed1430, 0x000002ba24ed1940, 0x000002ba24ed2360,
0x000002ba24ed1e50, 0x000002ba24f6e4b0, 0x000002ba24f735b0, 0x000002ba24f6d070,
0x000002ba24f72b90, 0x000002ba24f6eed0, 0x000002ba24f71240, 0x000002ba24f73ac0,
0x000002ba24f6f3e0, 0x000002ba24f73fd0, 0x000002ba24f6da90, 0x000002ba250b6b30,
0x000002ba250b9dd0, 0x000002ba250b7a60, 0x000002ba24f6d580, 0x000002ba24f6cb60,
0x000002ba24f71c60, 0x000002ba24f6c650, 0x000002ba24f72170, 0x000002ba250b6110
}

Java Threads: ( => current thread )
  0x000002ba1f28d380 JavaThread "Reference Handler" daemon [_thread_blocked, id=15440, stack(0x000000cab8100000,0x000000cab8200000)]
  0x000002ba1f28df10 JavaThread "Finalizer" daemon [_thread_blocked, id=11028, stack(0x000000cab8200000,0x000000cab8300000)]
  0x000002ba1f2b3a50 JavaThread "Signal Dispatcher" daemon [_thread_blocked, id=3088, stack(0x000000cab8300000,0x000000cab8400000)]
  0x000002ba1f2b45e0 JavaThread "Attach Listener" daemon [_thread_blocked, id=12356, stack(0x000000cab8400000,0x000000cab8500000)]
  0x000002ba1f2b5ec0 JavaThread "Service Thread" daemon [_thread_blocked, id=4828, stack(0x000000cab8500000,0x000000cab8600000)]
  0x000002ba1f2b6790 JavaThread "Monitor Deflation Thread" daemon [_thread_blocked, id=2300, stack(0x000000cab8600000,0x000000cab8700000)]
  0x000002ba1f3de0e0 JavaThread "C1 CompilerThread0" daemon [_thread_blocked, id=6768, stack(0x000000cab8700000,0x000000cab8800000)]
  0x000002ba1f3e7b60 JavaThread "Sweeper thread" daemon [_thread_blocked, id=3496, stack(0x000000cab8800000,0x000000cab8900000)]
  0x000002ba1f5fb950 JavaThread "Notification Thread" daemon [_thread_blocked, id=8472, stack(0x000000cab8b00000,0x000000cab8c00000)]
  0x000002ba1f6072d0 JavaThread "Common-Cleaner" daemon [_thread_blocked, id=13100, stack(0x000000cab8d00000,0x000000cab8e00000)]
  0x000002ba24b84ba0 JavaThread "boundedElastic-evictor-1" daemon [_thread_blocked, id=6304, stack(0x000000cab9200000,0x000000cab9300000)]
  0x000002ba1fede830 JavaThread "pool-13-thread-1" [_thread_blocked, id=1460, stack(0x000000cab9a00000,0x000000cab9b00000)]
  0x000002ba24cac040 JavaThread "LanguageServerApp-lifecycle" [_thread_blocked, id=5276, stack(0x000000cab9b00000,0x000000cab9c00000)]
  0x000002ba14047b80 JavaThread "DestroyJavaVM" [_thread_blocked, id=1772, stack(0x000000cab7a00000,0x000000cab7b00000)]
  0x000002ba24e8e930 JavaThread "pool-14-thread-1" [_thread_in_native, id=17020, stack(0x000000cab9c00000,0x000000cab9d00000)]
  0x000002ba24ed0f00 JavaThread "Simple-Language-Server main thread" daemon [_thread_blocked, id=12312, stack(0x000000cab9d00000,0x000000cab9e00000)]
  0x000002ba24ed2d80 JavaThread "pool-8-thread-1" [_thread_blocked, id=5644, stack(0x000000caba000000,0x000000caba100000)]
  0x000002ba24ed1430 JavaThread "parallel-1" daemon [_thread_blocked, id=13204, stack(0x000000caba100000,0x000000caba200000)]
  0x000002ba24ed1940 JavaThread "pool-6-thread-1" [_thread_blocked, id=3524, stack(0x000000caba200000,0x000000caba300000)]
  0x000002ba24ed2360 JavaThread "parallel-2" daemon [_thread_blocked, id=10044, stack(0x000000caba300000,0x000000caba400000)]
  0x000002ba24ed1e50 JavaThread "parallel-3" daemon [_thread_blocked, id=10224, stack(0x000000caba400000,0x000000caba500000)]
  0x000002ba24f6e4b0 JavaThread "parallel-4" daemon [_thread_blocked, id=15024, stack(0x000000caba800000,0x000000caba900000)]
  0x000002ba24f735b0 JavaThread "parallel-5" daemon [_thread_blocked, id=10628, stack(0x000000caba900000,0x000000cabaa00000)]
  0x000002ba24f6d070 JavaThread "Reconciler-1" daemon [_thread_blocked, id=14884, stack(0x000000cabac00000,0x000000cabad00000)]
  0x000002ba24f72b90 JavaThread "parallel-6" daemon [_thread_blocked, id=10768, stack(0x000000cab7800000,0x000000cab7900000)]
  0x000002ba24f6eed0 JavaThread "parallel-7" daemon [_thread_blocked, id=3248, stack(0x000000cab9e00000,0x000000cab9f00000)]
  0x000002ba24f71240 JavaThread "parallel-8" daemon [_thread_blocked, id=13964, stack(0x000000cabaa00000,0x000000cabab00000)]
  0x000002ba24f73ac0 JavaThread "parallel-9" daemon [_thread_blocked, id=7100, stack(0x000000cabad00000,0x000000cabae00000)]
  0x000002ba24f6f3e0 JavaThread "parallel-10" daemon [_thread_blocked, id=12268, stack(0x000000cabb100000,0x000000cabb200000)]
  0x000002ba24f73fd0 JavaThread "parallel-11" daemon [_thread_blocked, id=15744, stack(0x000000cabb600000,0x000000cabb700000)]
  0x000002ba24f6da90 JavaThread "parallel-12" daemon [_thread_blocked, id=3652, stack(0x000000cabb700000,0x000000cabb800000)]
  0x000002ba250b6b30 JavaThread "CompletableFutureDelayScheduler" daemon [_thread_blocked, id=4892, stack(0x000000cabbd00000,0x000000cabbe00000)]
  0x000002ba250b9dd0 JavaThread "pool-7-thread-1" [_thread_blocked, id=16004, stack(0x000000cabb800000,0x000000cabb900000)]
  0x000002ba250b7a60 JavaThread "RMI Scheduler(0)" daemon [_thread_blocked, id=10248, stack(0x000000cabb900000,0x000000cabba00000)]
  0x000002ba24f6d580 JavaThread "pool-7-thread-2" [_thread_blocked, id=17612, stack(0x000000cabbe00000,0x000000cabbf00000)]
  0x000002ba24f6cb60 JavaThread "pool-7-thread-3" [_thread_blocked, id=17852, stack(0x000000cabbf00000,0x000000cabc000000)]
  0x000002ba24f71c60 JavaThread "pool-7-thread-4" [_thread_blocked, id=18404, stack(0x000000cabc000000,0x000000cabc100000)]
  0x000002ba24f6c650 JavaThread "pool-7-thread-5" [_thread_blocked, id=16136, stack(0x000000cabc100000,0x000000cabc200000)]
  0x000002ba24f72170 JavaThread "pool-7-thread-6" [_thread_blocked, id=7904, stack(0x000000cabc400000,0x000000cabc500000)]
  0x000002ba250b6110 JavaThread "pool-7-thread-7" [_thread_blocked, id=7140, stack(0x000000cab9900000,0x000000cab9a00000)]

Other Threads:
=>0x000002ba1f277230 VMThread "VM Thread" [stack: 0x000000cab8000000,0x000000cab8100000] [id=1496]
  0x000002ba1f5fde40 WatcherThread [stack: 0x000000cab8c00000,0x000000cab8d00000] [id=5768]
  0x000002ba140868e0 GCTaskThread "GC Thread#0" [stack: 0x000000cab7b00000,0x000000cab7c00000] [id=6128]
  0x000002ba2421c380 GCTaskThread "GC Thread#1" [stack: 0x000000cab8a00000,0x000000cab8b00000] [id=5400]
  0x000002ba24241740 GCTaskThread "GC Thread#2" [stack: 0x000000cab8e00000,0x000000cab8f00000] [id=15444]
  0x000002ba24242a10 GCTaskThread "GC Thread#3" [stack: 0x000000cab8f00000,0x000000cab9000000] [id=15772]
  0x000002ba2441caa0 GCTaskThread "GC Thread#4" [stack: 0x000000cab9000000,0x000000cab9100000] [id=15396]
  0x000002ba243bb850 GCTaskThread "GC Thread#5" [stack: 0x000000cab9100000,0x000000cab9200000] [id=12372]
  0x000002ba2476c690 GCTaskThread "GC Thread#6" [stack: 0x000000cab9300000,0x000000cab9400000] [id=1020]
  0x000002ba246d9a70 GCTaskThread "GC Thread#7" [stack: 0x000000cab9400000,0x000000cab9500000] [id=14212]
  0x000002ba246d9d30 GCTaskThread "GC Thread#8" [stack: 0x000000cab9500000,0x000000cab9600000] [id=2932]
  0x000002ba246d9ff0 GCTaskThread "GC Thread#9" [stack: 0x000000cab9600000,0x000000cab9700000] [id=13764]
  0x000002ba1408f740 ConcurrentGCThread "G1 Main Marker" [stack: 0x000000cab7c00000,0x000000cab7d00000] [id=16556]
  0x000002ba14090070 ConcurrentGCThread "G1 Conc#0" [stack: 0x000000cab7d00000,0x000000cab7e00000] [id=13384]
  0x000002ba246da2b0 ConcurrentGCThread "G1 Conc#1" [stack: 0x000000cab9700000,0x000000cab9800000] [id=14632]
  0x000002ba2460a140 ConcurrentGCThread "G1 Conc#2" [stack: 0x000000cab9800000,0x000000cab9900000] [id=2148]
  0x000002ba140ed5c0 ConcurrentGCThread "G1 Refine#0" [stack: 0x000000cab7e00000,0x000000cab7f00000] [id=8476]
  0x000002ba140edf00 ConcurrentGCThread "G1 Service" [stack: 0x000000cab7f00000,0x000000cab8000000] [id=4792]

Threads with active compile tasks:

VM state: at safepoint (normal execution)

VM Mutex/Monitor currently owned by a thread:  ([mutex/lock_event])
[0x000002ba11d2ec90] Threads_lock - owner thread: 0x000002ba1f277230
[0x000002ba140452d0] Heap_lock - owner thread: 0x000002ba1fede830

Heap address: 0x00000000c0000000, size: 1024 MB, Compressed Oops mode: 32-bit

CDS archive(s) not mapped
Compressed class space mapped at: 0x0000000100000000-0x0000000140000000, reserved size: 1073741824
Narrow klass base: 0x0000000000000000, Narrow klass shift: 3, Narrow klass range: 0x140000000

GC Precious Log:
 CPUs: 12 total, 12 available
 Memory: 7521M
 Large Page Support: Disabled
 NUMA Support: Disabled
 Compressed Oops: Enabled (32-bit)
 Heap Region Size: 1M
 Heap Min Capacity: 8M
 Heap Initial Capacity: 118M
 Heap Max Capacity: 1G
 Pre-touch: Disabled
 Parallel Workers: 10
 Concurrent Workers: 3
 Concurrent Refinement Workers: 10
 Periodic GC: Disabled

Heap:
 garbage-first heap   total 130048K, used 38437K [0x00000000c0000000, 0x0000000100000000)
  region size 1024K, 1 young (1024K), 0 survivors (0K)
 Metaspace       used 63390K, committed 64256K, reserved 1114112K
  class space    used 7771K, committed 8128K, reserved 1048576K

Heap Regions: E=young(eden), S=young(survivor), O=old, HS=humongous(starts), HC=humongous(continues), CS=collection set, F=free, OA=open archive, CA=closed archive, TAMS=top-at-mark-start (previous, next)
|   0|0x00000000c0000000, 0x00000000c0100000, 0x00000000c0100000|100%|HS|  |TAMS 0x00000000c0100000, 0x00000000c0000000| Untracked 
|   1|0x00000000c0100000, 0x00000000c0200000, 0x00000000c0200000|100%|HC|  |TAMS 0x00000000c0200000, 0x00000000c0100000| Untracked 
|   2|0x00000000c0200000, 0x00000000c0300000, 0x00000000c0300000|100%|HC|  |TAMS 0x00000000c0300000, 0x00000000c0200000| Untracked 
|   3|0x00000000c0300000, 0x00000000c0400000, 0x00000000c0400000|100%|HC|  |TAMS 0x00000000c0400000, 0x00000000c0300000| Untracked 
|   4|0x00000000c0400000, 0x00000000c0500000, 0x00000000c0500000|100%|HS|  |TAMS 0x00000000c0500000, 0x00000000c0400000| Untracked 
|   5|0x00000000c0500000, 0x00000000c0600000, 0x00000000c0600000|100%|HC|  |TAMS 0x00000000c0600000, 0x00000000c0500000| Untracked 
|   6|0x00000000c0600000, 0x00000000c0700000, 0x00000000c0700000|100%| O|  |TAMS 0x00000000c0700000, 0x00000000c0600000| Untracked 
|   7|0x00000000c0700000, 0x00000000c0800000, 0x00000000c0800000|100%| O|  |TAMS 0x00000000c0800000, 0x00000000c0700000| Untracked 
|   8|0x00000000c0800000, 0x00000000c08fffe0, 0x00000000c0900000| 99%| O|  |TAMS 0x00000000c08fffe0, 0x00000000c0800000| Untracked 
|   9|0x00000000c0900000, 0x00000000c0a00000, 0x00000000c0a00000|100%| O|  |TAMS 0x00000000c0a00000, 0x00000000c0900000| Untracked 
|  10|0x00000000c0a00000, 0x00000000c0afff28, 0x00000000c0b00000| 99%| O|  |TAMS 0x00000000c0afff28, 0x00000000c0a00000| Untracked 
|  11|0x00000000c0b00000, 0x00000000c0bfffe8, 0x00000000c0c00000| 99%| O|  |TAMS 0x00000000c0bfffe8, 0x00000000c0b00000| Untracked 
|  12|0x00000000c0c00000, 0x00000000c0d00000, 0x00000000c0d00000|100%| O|  |TAMS 0x00000000c0d00000, 0x00000000c0c00000| Untracked 
|  13|0x00000000c0d00000, 0x00000000c0e00000, 0x00000000c0e00000|100%| O|  |TAMS 0x00000000c0e00000, 0x00000000c0d00000| Untracked 
|  14|0x00000000c0e00000, 0x00000000c0f00000, 0x00000000c0f00000|100%| O|  |TAMS 0x00000000c0f00000, 0x00000000c0e00000| Untracked 
|  15|0x00000000c0f00000, 0x00000000c0ffffc0, 0x00000000c1000000| 99%| O|  |TAMS 0x00000000c0ffffc0, 0x00000000c0f00000| Untracked 
|  16|0x00000000c1000000, 0x00000000c10ffff0, 0x00000000c1100000| 99%| O|  |TAMS 0x00000000c10ffff0, 0x00000000c1000000| Untracked 
|  17|0x00000000c1100000, 0x00000000c11fff00, 0x00000000c1200000| 99%| O|  |TAMS 0x00000000c11fff00, 0x00000000c1100000| Untracked 
|  18|0x00000000c1200000, 0x00000000c1300000, 0x00000000c1300000|100%| O|  |TAMS 0x00000000c1300000, 0x00000000c1200000| Untracked 
|  19|0x00000000c1300000, 0x00000000c13fffa0, 0x00000000c1400000| 99%| O|  |TAMS 0x00000000c13fffa0, 0x00000000c1300000| Untracked 
|  20|0x00000000c1400000, 0x00000000c1500000, 0x00000000c1500000|100%| O|  |TAMS 0x00000000c1500000, 0x00000000c1400000| Untracked 
|  21|0x00000000c1500000, 0x00000000c15ffff8, 0x00000000c1600000| 99%| O|  |TAMS 0x00000000c15ffff8, 0x00000000c1500000| Untracked 
|  22|0x00000000c1600000, 0x00000000c16ffff8, 0x00000000c1700000| 99%| O|  |TAMS 0x00000000c16ffff8, 0x00000000c1600000| Untracked 
|  23|0x00000000c1700000, 0x00000000c17ffff8, 0x00000000c1800000| 99%| O|  |TAMS 0x00000000c17ffff8, 0x00000000c1700000| Untracked 
|  24|0x00000000c1800000, 0x00000000c18fffe8, 0x00000000c1900000| 99%| O|  |TAMS 0x00000000c18fffe8, 0x00000000c1800000| Untracked 
|  25|0x00000000c1900000, 0x00000000c19fe958, 0x00000000c1a00000| 99%| O|  |TAMS 0x00000000c19fe958, 0x00000000c1900000| Untracked 
|  26|0x00000000c1a00000, 0x00000000c1afffe0, 0x00000000c1b00000| 99%| O|  |TAMS 0x00000000c1afffe0, 0x00000000c1a00000| Untracked 
|  27|0x00000000c1b00000, 0x00000000c1bf7e00, 0x00000000c1c00000| 96%| O|  |TAMS 0x00000000c1bf7e00, 0x00000000c1b00000| Untracked 
|  28|0x00000000c1c00000, 0x00000000c1cf8d70, 0x00000000c1d00000| 97%| O|  |TAMS 0x00000000c1cf8d70, 0x00000000c1c00000| Untracked 
|  29|0x00000000c1d00000, 0x00000000c1dfff10, 0x00000000c1e00000| 99%| O|  |TAMS 0x00000000c1dfff10, 0x00000000c1d00000| Untracked 
|  30|0x00000000c1e00000, 0x00000000c1effff8, 0x00000000c1f00000| 99%| O|  |TAMS 0x00000000c1effff8, 0x00000000c1e00000| Untracked 
|  31|0x00000000c1f00000, 0x00000000c1fffff8, 0x00000000c2000000| 99%| O|  |TAMS 0x00000000c1fffff8, 0x00000000c1f00000| Untracked 
|  32|0x00000000c2000000, 0x00000000c20ff7b8, 0x00000000c2100000| 99%| O|  |TAMS 0x00000000c20ff7b8, 0x00000000c2000000| Untracked 
|  33|0x00000000c2100000, 0x00000000c21ffd70, 0x00000000c2200000| 99%| O|  |TAMS 0x00000000c21ffd70, 0x00000000c2100000| Untracked 
|  34|0x00000000c2200000, 0x00000000c22fff98, 0x00000000c2300000| 99%| O|  |TAMS 0x00000000c22fff98, 0x00000000c2200000| Untracked 
|  35|0x00000000c2300000, 0x00000000c23ec998, 0x00000000c2400000| 92%| O|  |TAMS 0x00000000c2300000, 0x00000000c2300000| Untracked 
|  36|0x00000000c2400000, 0x00000000c24ae858, 0x00000000c2500000| 68%| O|  |TAMS 0x00000000c2400000, 0x00000000c2400000| Untracked 
|  37|0x00000000c2500000, 0x00000000c2500000, 0x00000000c2600000|  0%| F|  |TAMS 0x00000000c2500000, 0x00000000c2500000| Untracked 
|  38|0x00000000c2600000, 0x00000000c2600000, 0x00000000c2700000|  0%| F|  |TAMS 0x00000000c2600000, 0x00000000c2600000| Untracked 
|  39|0x00000000c2700000, 0x00000000c2700000, 0x00000000c2800000|  0%| F|  |TAMS 0x00000000c2700000, 0x00000000c2700000| Untracked 
|  40|0x00000000c2800000, 0x00000000c2800000, 0x00000000c2900000|  0%| F|  |TAMS 0x00000000c2800000, 0x00000000c2800000| Untracked 
|  41|0x00000000c2900000, 0x00000000c2900000, 0x00000000c2a00000|  0%| F|  |TAMS 0x00000000c2900000, 0x00000000c2900000| Untracked 
|  42|0x00000000c2a00000, 0x00000000c2b00000, 0x00000000c2b00000|100%|HS|  |TAMS 0x00000000c2b00000, 0x00000000c2a00000| Untracked 
|  43|0x00000000c2b00000, 0x00000000c2b00000, 0x00000000c2c00000|  0%| F|  |TAMS 0x00000000c2b00000, 0x00000000c2b00000| Untracked 
|  44|0x00000000c2c00000, 0x00000000c2c00000, 0x00000000c2d00000|  0%| F|  |TAMS 0x00000000c2c00000, 0x00000000c2c00000| Untracked 
|  45|0x00000000c2d00000, 0x00000000c2d00000, 0x00000000c2e00000|  0%| F|  |TAMS 0x00000000c2d00000, 0x00000000c2d00000| Untracked 
|  46|0x00000000c2e00000, 0x00000000c2e00000, 0x00000000c2f00000|  0%| F|  |TAMS 0x00000000c2e00000, 0x00000000c2e00000| Untracked 
|  47|0x00000000c2f00000, 0x00000000c2f00000, 0x00000000c3000000|  0%| F|  |TAMS 0x00000000c2f00000, 0x00000000c2f00000| Untracked 
|  48|0x00000000c3000000, 0x00000000c3000000, 0x00000000c3100000|  0%| F|  |TAMS 0x00000000c3000000, 0x00000000c3000000| Untracked 
|  49|0x00000000c3100000, 0x00000000c3100000, 0x00000000c3200000|  0%| F|  |TAMS 0x00000000c3100000, 0x00000000c3100000| Untracked 
|  50|0x00000000c3200000, 0x00000000c3200000, 0x00000000c3300000|  0%| F|  |TAMS 0x00000000c3200000, 0x00000000c3200000| Untracked 
|  51|0x00000000c3300000, 0x00000000c3300000, 0x00000000c3400000|  0%| F|  |TAMS 0x00000000c3300000, 0x00000000c3300000| Untracked 
|  52|0x00000000c3400000, 0x00000000c3400000, 0x00000000c3500000|  0%| F|  |TAMS 0x00000000c3400000, 0x00000000c3400000| Untracked 
|  53|0x00000000c3500000, 0x00000000c3500000, 0x00000000c3600000|  0%| F|  |TAMS 0x00000000c3500000, 0x00000000c3500000| Untracked 
|  54|0x00000000c3600000, 0x00000000c3600000, 0x00000000c3700000|  0%| F|  |TAMS 0x00000000c3600000, 0x00000000c3600000| Untracked 
|  55|0x00000000c3700000, 0x00000000c3700000, 0x00000000c3800000|  0%| F|  |TAMS 0x00000000c3700000, 0x00000000c3700000| Untracked 
|  56|0x00000000c3800000, 0x00000000c3800000, 0x00000000c3900000|  0%| F|  |TAMS 0x00000000c3800000, 0x00000000c3800000| Untracked 
|  57|0x00000000c3900000, 0x00000000c3900000, 0x00000000c3a00000|  0%| F|  |TAMS 0x00000000c3900000, 0x00000000c3900000| Untracked 
|  58|0x00000000c3a00000, 0x00000000c3a00000, 0x00000000c3b00000|  0%| F|  |TAMS 0x00000000c3a00000, 0x00000000c3a00000| Untracked 
|  59|0x00000000c3b00000, 0x00000000c3b00000, 0x00000000c3c00000|  0%| F|  |TAMS 0x00000000c3b00000, 0x00000000c3b00000| Untracked 
|  60|0x00000000c3c00000, 0x00000000c3c00000, 0x00000000c3d00000|  0%| F|  |TAMS 0x00000000c3c00000, 0x00000000c3c00000| Untracked 
|  61|0x00000000c3d00000, 0x00000000c3d00000, 0x00000000c3e00000|  0%| F|  |TAMS 0x00000000c3d00000, 0x00000000c3d00000| Untracked 
|  62|0x00000000c3e00000, 0x00000000c3e00000, 0x00000000c3f00000|  0%| F|  |TAMS 0x00000000c3e00000, 0x00000000c3e00000| Untracked 
|  63|0x00000000c3f00000, 0x00000000c3f00000, 0x00000000c4000000|  0%| F|  |TAMS 0x00000000c3f00000, 0x00000000c3f00000| Untracked 
|  64|0x00000000c4000000, 0x00000000c4000000, 0x00000000c4100000|  0%| F|  |TAMS 0x00000000c4000000, 0x00000000c4000000| Untracked 
|  65|0x00000000c4100000, 0x00000000c4100000, 0x00000000c4200000|  0%| F|  |TAMS 0x00000000c4100000, 0x00000000c4100000| Untracked 
|  66|0x00000000c4200000, 0x00000000c4200000, 0x00000000c4300000|  0%| F|  |TAMS 0x00000000c4200000, 0x00000000c4200000| Untracked 
|  67|0x00000000c4300000, 0x00000000c4300000, 0x00000000c4400000|  0%| F|  |TAMS 0x00000000c4300000, 0x00000000c4300000| Untracked 
|  68|0x00000000c4400000, 0x00000000c4400000, 0x00000000c4500000|  0%| F|  |TAMS 0x00000000c4400000, 0x00000000c4400000| Untracked 
|  69|0x00000000c4500000, 0x00000000c4500000, 0x00000000c4600000|  0%| F|  |TAMS 0x00000000c4500000, 0x00000000c4500000| Untracked 
|  70|0x00000000c4600000, 0x00000000c4600000, 0x00000000c4700000|  0%| F|  |TAMS 0x00000000c4600000, 0x00000000c4600000| Untracked 
|  71|0x00000000c4700000, 0x00000000c4700000, 0x00000000c4800000|  0%| F|  |TAMS 0x00000000c4700000, 0x00000000c4700000| Untracked 
|  72|0x00000000c4800000, 0x00000000c4800000, 0x00000000c4900000|  0%| F|  |TAMS 0x00000000c4800000, 0x00000000c4800000| Untracked 
|  73|0x00000000c4900000, 0x00000000c4900000, 0x00000000c4a00000|  0%| F|  |TAMS 0x00000000c4900000, 0x00000000c4900000| Untracked 
|  74|0x00000000c4a00000, 0x00000000c4a00000, 0x00000000c4b00000|  0%| F|  |TAMS 0x00000000c4a00000, 0x00000000c4a00000| Untracked 
|  75|0x00000000c4b00000, 0x00000000c4b00000, 0x00000000c4c00000|  0%| F|  |TAMS 0x00000000c4b00000, 0x00000000c4b00000| Untracked 
|  76|0x00000000c4c00000, 0x00000000c4c00000, 0x00000000c4d00000|  0%| F|  |TAMS 0x00000000c4c00000, 0x00000000c4c00000| Untracked 
|  77|0x00000000c4d00000, 0x00000000c4d00000, 0x00000000c4e00000|  0%| F|  |TAMS 0x00000000c4d00000, 0x00000000c4d00000| Untracked 
|  78|0x00000000c4e00000, 0x00000000c4e00000, 0x00000000c4f00000|  0%| F|  |TAMS 0x00000000c4e00000, 0x00000000c4e00000| Untracked 
|  79|0x00000000c4f00000, 0x00000000c4f00000, 0x00000000c5000000|  0%| F|  |TAMS 0x00000000c4f00000, 0x00000000c4f00000| Untracked 
|  80|0x00000000c5000000, 0x00000000c5000000, 0x00000000c5100000|  0%| F|  |TAMS 0x00000000c5000000, 0x00000000c5000000| Untracked 
|  81|0x00000000c5100000, 0x00000000c5100000, 0x00000000c5200000|  0%| F|  |TAMS 0x00000000c5100000, 0x00000000c5100000| Untracked 
|  82|0x00000000c5200000, 0x00000000c5200000, 0x00000000c5300000|  0%| F|  |TAMS 0x00000000c5200000, 0x00000000c5200000| Untracked 
|  83|0x00000000c5300000, 0x00000000c5300000, 0x00000000c5400000|  0%| F|  |TAMS 0x00000000c5300000, 0x00000000c5300000| Untracked 
|  84|0x00000000c5400000, 0x00000000c5400000, 0x00000000c5500000|  0%| F|  |TAMS 0x00000000c5400000, 0x00000000c5400000| Untracked 
|  85|0x00000000c5500000, 0x00000000c5500000, 0x00000000c5600000|  0%| F|  |TAMS 0x00000000c5500000, 0x00000000c5500000| Untracked 
|  86|0x00000000c5600000, 0x00000000c5600000, 0x00000000c5700000|  0%| F|  |TAMS 0x00000000c5600000, 0x00000000c5600000| Untracked 
|  87|0x00000000c5700000, 0x00000000c5700000, 0x00000000c5800000|  0%| F|  |TAMS 0x00000000c5700000, 0x00000000c5700000| Untracked 
|  88|0x00000000c5800000, 0x00000000c5800000, 0x00000000c5900000|  0%| F|  |TAMS 0x00000000c5800000, 0x00000000c5800000| Untracked 
|  89|0x00000000c5900000, 0x00000000c5900000, 0x00000000c5a00000|  0%| F|  |TAMS 0x00000000c5900000, 0x00000000c5900000| Untracked 
|  90|0x00000000c5a00000, 0x00000000c5a00000, 0x00000000c5b00000|  0%| F|  |TAMS 0x00000000c5a00000, 0x00000000c5a00000| Untracked 
|  91|0x00000000c5b00000, 0x00000000c5b00000, 0x00000000c5c00000|  0%| F|  |TAMS 0x00000000c5b00000, 0x00000000c5b00000| Untracked 
|  92|0x00000000c5c00000, 0x00000000c5c00000, 0x00000000c5d00000|  0%| F|  |TAMS 0x00000000c5c00000, 0x00000000c5c00000| Untracked 
|  93|0x00000000c5d00000, 0x00000000c5d00000, 0x00000000c5e00000|  0%| F|  |TAMS 0x00000000c5d00000, 0x00000000c5d00000| Untracked 
|  94|0x00000000c5e00000, 0x00000000c5e00000, 0x00000000c5f00000|  0%| F|  |TAMS 0x00000000c5e00000, 0x00000000c5e00000| Untracked 
|  95|0x00000000c5f00000, 0x00000000c5f00000, 0x00000000c6000000|  0%| F|  |TAMS 0x00000000c5f00000, 0x00000000c5f00000| Untracked 
|  96|0x00000000c6000000, 0x00000000c6000000, 0x00000000c6100000|  0%| F|  |TAMS 0x00000000c6000000, 0x00000000c6000000| Untracked 
|  97|0x00000000c6100000, 0x00000000c6100000, 0x00000000c6200000|  0%| F|  |TAMS 0x00000000c6100000, 0x00000000c6100000| Untracked 
|  98|0x00000000c6200000, 0x00000000c6200000, 0x00000000c6300000|  0%| F|  |TAMS 0x00000000c6200000, 0x00000000c6200000| Untracked 
|  99|0x00000000c6300000, 0x00000000c6300000, 0x00000000c6400000|  0%| F|  |TAMS 0x00000000c6300000, 0x00000000c6300000| Untracked 
| 100|0x00000000c6400000, 0x00000000c6400000, 0x00000000c6500000|  0%| F|  |TAMS 0x00000000c6400000, 0x00000000c6400000| Untracked 
| 101|0x00000000c6500000, 0x00000000c6500000, 0x00000000c6600000|  0%| F|  |TAMS 0x00000000c6500000, 0x00000000c6500000| Untracked 
| 102|0x00000000c6600000, 0x00000000c6600000, 0x00000000c6700000|  0%| F|  |TAMS 0x00000000c6600000, 0x00000000c6600000| Untracked 
| 103|0x00000000c6700000, 0x00000000c6700000, 0x00000000c6800000|  0%| F|  |TAMS 0x00000000c6700000, 0x00000000c6700000| Untracked 
| 104|0x00000000c6800000, 0x00000000c6800000, 0x00000000c6900000|  0%| F|  |TAMS 0x00000000c6800000, 0x00000000c6800000| Untracked 
| 105|0x00000000c6900000, 0x00000000c6900000, 0x00000000c6a00000|  0%| F|  |TAMS 0x00000000c6900000, 0x00000000c6900000| Untracked 
| 106|0x00000000c6a00000, 0x00000000c6a00000, 0x00000000c6b00000|  0%| F|  |TAMS 0x00000000c6a00000, 0x00000000c6a00000| Untracked 
| 107|0x00000000c6b00000, 0x00000000c6b00000, 0x00000000c6c00000|  0%| F|  |TAMS 0x00000000c6b00000, 0x00000000c6b00000| Untracked 
| 108|0x00000000c6c00000, 0x00000000c6c00000, 0x00000000c6d00000|  0%| F|  |TAMS 0x00000000c6c00000, 0x00000000c6c00000| Untracked 
| 109|0x00000000c6d00000, 0x00000000c6d00000, 0x00000000c6e00000|  0%| F|  |TAMS 0x00000000c6d00000, 0x00000000c6d00000| Untracked 
| 110|0x00000000c6e00000, 0x00000000c6e00000, 0x00000000c6f00000|  0%| F|  |TAMS 0x00000000c6e00000, 0x00000000c6e00000| Untracked 
| 111|0x00000000c6f00000, 0x00000000c6f00000, 0x00000000c7000000|  0%| F|  |TAMS 0x00000000c6f00000, 0x00000000c6f00000| Untracked 
| 112|0x00000000c7000000, 0x00000000c7000000, 0x00000000c7100000|  0%| F|  |TAMS 0x00000000c7000000, 0x00000000c7000000| Untracked 
| 113|0x00000000c7100000, 0x00000000c7100000, 0x00000000c7200000|  0%| F|  |TAMS 0x00000000c7100000, 0x00000000c7100000| Untracked 
| 114|0x00000000c7200000, 0x00000000c7200000, 0x00000000c7300000|  0%| F|  |TAMS 0x00000000c7200000, 0x00000000c7200000| Untracked 
| 115|0x00000000c7300000, 0x00000000c7300000, 0x00000000c7400000|  0%| F|  |TAMS 0x00000000c7300000, 0x00000000c7300000| Untracked 
| 116|0x00000000c7400000, 0x00000000c7400000, 0x00000000c7500000|  0%| F|  |TAMS 0x00000000c7400000, 0x00000000c7400000| Untracked 
| 117|0x00000000c7500000, 0x00000000c7500000, 0x00000000c7600000|  0%| F|  |TAMS 0x00000000c7500000, 0x00000000c7500000| Untracked 
| 118|0x00000000c7600000, 0x00000000c7600000, 0x00000000c7700000|  0%| F|  |TAMS 0x00000000c7600000, 0x00000000c7600000| Untracked 
| 119|0x00000000c7700000, 0x00000000c7700000, 0x00000000c7800000|  0%| F|  |TAMS 0x00000000c7700000, 0x00000000c7700000| Untracked 
| 120|0x00000000c7800000, 0x00000000c7800000, 0x00000000c7900000|  0%| F|  |TAMS 0x00000000c7800000, 0x00000000c7800000| Untracked 
| 121|0x00000000c7900000, 0x00000000c7900000, 0x00000000c7a00000|  0%| F|  |TAMS 0x00000000c7900000, 0x00000000c7900000| Untracked 
| 122|0x00000000c7a00000, 0x00000000c7a00000, 0x00000000c7b00000|  0%| F|  |TAMS 0x00000000c7a00000, 0x00000000c7a00000| Untracked 
| 123|0x00000000c7b00000, 0x00000000c7b00000, 0x00000000c7c00000|  0%| F|  |TAMS 0x00000000c7b00000, 0x00000000c7b00000| Untracked 
| 124|0x00000000c7c00000, 0x00000000c7c00000, 0x00000000c7d00000|  0%| F|  |TAMS 0x00000000c7c00000, 0x00000000c7c00000| Untracked 
| 125|0x00000000c7d00000, 0x00000000c7d00000, 0x00000000c7e00000|  0%| F|  |TAMS 0x00000000c7d00000, 0x00000000c7d00000| Untracked 
| 126|0x00000000c7e00000, 0x00000000c7e058a8, 0x00000000c7f00000|  2%| E|  |TAMS 0x00000000c7e00000, 0x00000000c7e00000| Complete 

Card table byte_map: [0x000002ba1a200000,0x000002ba1a400000] _byte_map_base: 0x000002ba19c00000

Marking Bits (Prev, Next): (CMBitMap*) 0x000002ba14086e10, (CMBitMap*) 0x000002ba14086e50
 Prev Bits: [0x000002ba1a600000, 0x000002ba1b600000)
 Next Bits: [0x000002ba1b600000, 0x000002ba1c600000)

Polling page: 0x000002ba11f90000

Metaspace:

Usage:
  Non-class:     54.32 MB used.
      Class:      7.59 MB used.
       Both:     61.91 MB used.

Virtual space:
  Non-class space:       64.00 MB reserved,      54.81 MB ( 86%) committed,  1 nodes.
      Class space:        1.00 GB reserved,       7.94 MB ( <1%) committed,  1 nodes.
             Both:        1.06 GB reserved,      62.75 MB (  6%) committed. 

Chunk freelists:
   Non-Class:  8.76 MB
       Class:  8.13 MB
        Both:  16.89 MB

MaxMetaspaceSize: unlimited
CompressedClassSpaceSize: 1.00 GB
Initial GC threshold: 21.00 MB
Current GC threshold: 104.62 MB
CDS: off
MetaspaceReclaimPolicy: balanced
 - commit_granule_bytes: 65536.
 - commit_granule_words: 8192.
 - virtual_space_node_default_size: 8388608.
 - enlarge_chunks_in_place: 1.
 - new_chunks_are_fully_committed: 0.
 - uncommit_free_chunks: 1.
 - use_allocation_guard: 0.
 - handle_deallocations: 1.


Internal statistics:

num_allocs_failed_limit: 6.
num_arena_births: 1296.
num_arena_deaths: 716.
num_vsnodes_births: 2.
num_vsnodes_deaths: 0.
num_space_committed: 1003.
num_space_uncommitted: 0.
num_chunks_returned_to_freelist: 943.
num_chunks_taken_from_freelist: 3593.
num_chunk_merges: 231.
num_chunk_splits: 2128.
num_chunks_enlarged: 1505.
num_inconsistent_stats: 0.

CodeCache: size=49152Kb used=19561Kb max_used=20449Kb free=29590Kb
 bounds [0x000002ba16cd0000, 0x000002ba18120000, 0x000002ba19cd0000]
 total_blobs=10936 nmethods=10243 adapters=619
 compilation: enabled
              stopped_count=0, restarted_count=0
 full_count=0

Compilation events (20 events):
Event: 14124.155 Thread 0x000002ba1f3de0e0 10386       1       java.lang.invoke.LambdaForm$Name::<init> (9 bytes)
Event: 14124.155 Thread 0x000002ba1f3de0e0 nmethod 10386 0x000002ba17f7ce90 code [0x000002ba17f7d020, 0x000002ba17f7d108]
Event: 14124.177 Thread 0x000002ba1f3de0e0 10391       1       java.net.InetAddress::holder (5 bytes)
Event: 14124.178 Thread 0x000002ba1f3de0e0 nmethod 10391 0x000002ba17f7bf90 code [0x000002ba17f7c120, 0x000002ba17f7c1f8]
Event: 14545.319 Thread 0x000002ba1f3de0e0 10392       1       java.lang.reflect.Method::acquireMethodAccessor (44 bytes)
Event: 14545.322 Thread 0x000002ba1f3de0e0 nmethod 10392 0x000002ba17f7b990 code [0x000002ba17f7bb60, 0x000002ba17f7be38]
Event: 14545.322 Thread 0x000002ba1f3de0e0 10395       1       jdk.internal.reflect.NativeMethodAccessorImpl::<init> (10 bytes)
Event: 14545.322 Thread 0x000002ba1f3de0e0 nmethod 10395 0x000002ba17f7b690 code [0x000002ba17f7b820, 0x000002ba17f7b938]
Event: 14545.322 Thread 0x000002ba1f3de0e0 10396       1       jdk.internal.reflect.DelegatingMethodAccessorImpl::<init> (10 bytes)
Event: 14545.328 Thread 0x000002ba1f3de0e0 nmethod 10396 0x000002ba17f7b390 code [0x000002ba17f7b520, 0x000002ba17f7b638]
Event: 14545.328 Thread 0x000002ba1f3de0e0 10397       1       jdk.internal.jrtfs.JrtFileSystem::newByteChannel (44 bytes)
Event: 14545.335 Thread 0x000002ba1f3de0e0 nmethod 10397 0x000002ba17f7a890 code [0x000002ba17f7aa80, 0x000002ba17f7b128]
Event: 14545.335 Thread 0x000002ba1f3de0e0 10398       1       jdk.internal.jrtfs.JrtFileSystem::checkOptions (101 bytes)
Event: 14545.342 Thread 0x000002ba1f3de0e0 nmethod 10398 0x000002ba17f79b90 code [0x000002ba17f79e00, 0x000002ba17f7a4d8]
Event: 14545.342 Thread 0x000002ba1f3de0e0 10399       1       jdk.internal.jrtfs.JrtFileSystem::getFileContent (49 bytes)
Event: 14545.348 Thread 0x000002ba1f3de0e0 nmethod 10399 0x000002ba17f79290 code [0x000002ba17f794a0, 0x000002ba17f79908]
Event: 14545.348 Thread 0x000002ba1f3de0e0 10393       1       jdk.internal.reflect.ReflectionFactory::newMethodAccessor (120 bytes)
Event: 14545.361 Thread 0x000002ba1f3de0e0 nmethod 10393 0x000002ba17f78490 code [0x000002ba17f78700, 0x000002ba17f78eb8]
Event: 14545.361 Thread 0x000002ba1f3de0e0 10394       1       jdk.internal.reflect.Reflection::isCallerSensitive (24 bytes)
Event: 14545.369 Thread 0x000002ba1f3de0e0 nmethod 10394 0x000002ba17f77a10 code [0x000002ba17f77c40, 0x000002ba17f78118]

GC Heap History (20 events):
Event: 17551.044 GC heap before
{Heap before GC invocations=990 (full 857):
 garbage-first heap   total 130048K, used 38437K [0x00000000c0000000, 0x0000000100000000)
  region size 1024K, 1 young (1024K), 0 survivors (0K)
 Metaspace       used 63390K, committed 64256K, reserved 1114112K
  class space    used 7771K, committed 8128K, reserved 1048576K
}
Event: 17551.068 GC heap after
{Heap after GC invocations=991 (full 858):
 garbage-first heap   total 130048K, used 38437K [0x00000000c0000000, 0x0000000100000000)
  region size 1024K, 0 young (0K), 0 survivors (0K)
 Metaspace       used 63390K, committed 64256K, reserved 1114112K
  class space    used 7771K, committed 8128K, reserved 1048576K
}
Event: 17561.160 GC heap before
{Heap before GC invocations=991 (full 858):
 garbage-first heap   total 130048K, used 38437K [0x00000000c0000000, 0x0000000100000000)
  region size 1024K, 1 young (1024K), 0 survivors (0K)
 Metaspace       used 63390K, committed 64256K, reserved 1114112K
  class space    used 7771K, committed 8128K, reserved 1048576K
}
Event: 17561.185 GC heap after
{Heap after GC invocations=992 (full 859):
 garbage-first heap   total 130048K, used 38437K [0x00000000c0000000, 0x0000000100000000)
  region size 1024K, 0 young (0K), 0 survivors (0K)
 Metaspace       used 63390K, committed 64256K, reserved 1114112K
  class space    used 7771K, committed 8128K, reserved 1048576K
}
Event: 17571.277 GC heap before
{Heap before GC invocations=992 (full 859):
 garbage-first heap   total 130048K, used 38437K [0x00000000c0000000, 0x0000000100000000)
  region size 1024K, 1 young (1024K), 0 survivors (0K)
 Metaspace       used 63390K, committed 64256K, reserved 1114112K
  class space    used 7771K, committed 8128K, reserved 1048576K
}
Event: 17571.299 GC heap after
{Heap after GC invocations=993 (full 860):
 garbage-first heap   total 130048K, used 38437K [0x00000000c0000000, 0x0000000100000000)
  region size 1024K, 0 young (0K), 0 survivors (0K)
 Metaspace       used 63390K, committed 64256K, reserved 1114112K
  class space    used 7771K, committed 8128K, reserved 1048576K
}
Event: 17581.399 GC heap before
{Heap before GC invocations=993 (full 860):
 garbage-first heap   total 130048K, used 38437K [0x00000000c0000000, 0x0000000100000000)
  region size 1024K, 1 young (1024K), 0 survivors (0K)
 Metaspace       used 63390K, committed 64256K, reserved 1114112K
  class space    used 7771K, committed 8128K, reserved 1048576K
}
Event: 17581.423 GC heap after
{Heap after GC invocations=994 (full 861):
 garbage-first heap   total 130048K, used 38437K [0x00000000c0000000, 0x0000000100000000)
  region size 1024K, 0 young (0K), 0 survivors (0K)
 Metaspace       used 63390K, committed 64256K, reserved 1114112K
  class space    used 7771K, committed 8128K, reserved 1048576K
}
Event: 17591.500 GC heap before
{Heap before GC invocations=994 (full 861):
 garbage-first heap   total 130048K, used 38437K [0x00000000c0000000, 0x0000000100000000)
  region size 1024K, 1 young (1024K), 0 survivors (0K)
 Metaspace       used 63390K, committed 64256K, reserved 1114112K
  class space    used 7771K, committed 8128K, reserved 1048576K
}
Event: 17591.526 GC heap after
{Heap after GC invocations=995 (full 862):
 garbage-first heap   total 130048K, used 38437K [0x00000000c0000000, 0x0000000100000000)
  region size 1024K, 0 young (0K), 0 survivors (0K)
 Metaspace       used 63390K, committed 64256K, reserved 1114112K
  class space    used 7771K, committed 8128K, reserved 1048576K
}
Event: 17601.634 GC heap before
{Heap before GC invocations=995 (full 862):
 garbage-first heap   total 130048K, used 38437K [0x00000000c0000000, 0x0000000100000000)
  region size 1024K, 1 young (1024K), 0 survivors (0K)
 Metaspace       used 63390K, committed 64256K, reserved 1114112K
  class space    used 7771K, committed 8128K, reserved 1048576K
}
Event: 17601.661 GC heap after
{Heap after GC invocations=996 (full 863):
 garbage-first heap   total 130048K, used 38437K [0x00000000c0000000, 0x0000000100000000)
  region size 1024K, 0 young (0K), 0 survivors (0K)
 Metaspace       used 63390K, committed 64256K, reserved 1114112K
  class space    used 7771K, committed 8128K, reserved 1048576K
}
Event: 17611.736 GC heap before
{Heap before GC invocations=996 (full 863):
 garbage-first heap   total 130048K, used 38437K [0x00000000c0000000, 0x0000000100000000)
  region size 1024K, 1 young (1024K), 0 survivors (0K)
 Metaspace       used 63390K, committed 64256K, reserved 1114112K
  class space    used 7771K, committed 8128K, reserved 1048576K
}
Event: 17611.762 GC heap after
{Heap after GC invocations=997 (full 864):
 garbage-first heap   total 130048K, used 38437K [0x00000000c0000000, 0x0000000100000000)
  region size 1024K, 0 young (0K), 0 survivors (0K)
 Metaspace       used 63390K, committed 64256K, reserved 1114112K
  class space    used 7771K, committed 8128K, reserved 1048576K
}
Event: 17621.838 GC heap before
{Heap before GC invocations=997 (full 864):
 garbage-first heap   total 130048K, used 38437K [0x00000000c0000000, 0x0000000100000000)
  region size 1024K, 1 young (1024K), 0 survivors (0K)
 Metaspace       used 63390K, committed 64256K, reserved 1114112K
  class space    used 7771K, committed 8128K, reserved 1048576K
}
Event: 17621.862 GC heap after
{Heap after GC invocations=998 (full 865):
 garbage-first heap   total 130048K, used 38437K [0x00000000c0000000, 0x0000000100000000)
  region size 1024K, 0 young (0K), 0 survivors (0K)
 Metaspace       used 63390K, committed 64256K, reserved 1114112K
  class space    used 7771K, committed 8128K, reserved 1048576K
}
Event: 17631.955 GC heap before
{Heap before GC invocations=998 (full 865):
 garbage-first heap   total 130048K, used 38437K [0x00000000c0000000, 0x0000000100000000)
  region size 1024K, 1 young (1024K), 0 survivors (0K)
 Metaspace       used 63390K, committed 64256K, reserved 1114112K
  class space    used 7771K, committed 8128K, reserved 1048576K
}
Event: 17631.979 GC heap after
{Heap after GC invocations=999 (full 866):
 garbage-first heap   total 130048K, used 38437K [0x00000000c0000000, 0x0000000100000000)
  region size 1024K, 0 young (0K), 0 survivors (0K)
 Metaspace       used 63390K, committed 64256K, reserved 1114112K
  class space    used 7771K, committed 8128K, reserved 1048576K
}
Event: 17642.071 GC heap before
{Heap before GC invocations=999 (full 866):
 garbage-first heap   total 130048K, used 38437K [0x00000000c0000000, 0x0000000100000000)
  region size 1024K, 1 young (1024K), 0 survivors (0K)
 Metaspace       used 63390K, committed 64256K, reserved 1114112K
  class space    used 7771K, committed 8128K, reserved 1048576K
}
Event: 17642.096 GC heap after
{Heap after GC invocations=1000 (full 867):
 garbage-first heap   total 130048K, used 38437K [0x00000000c0000000, 0x0000000100000000)
  region size 1024K, 0 young (0K), 0 survivors (0K)
 Metaspace       used 63390K, committed 64256K, reserved 1114112K
  class space    used 7771K, committed 8128K, reserved 1048576K
}

Dll operation events (11 events):
Event: 0.012 Loaded shared library c:\Users\sagar\.vscode\extensions\redhat.java-1.32.2024061408-win32-x64\jre\17.0.11-win32-x86_64\bin\java.dll
Event: 0.272 Loaded shared library C:\Users\sagar\.vscode\extensions\redhat.java-1.32.2024061408-win32-x64\jre\17.0.11-win32-x86_64\bin\net.dll
Event: 0.274 Loaded shared library C:\Users\sagar\.vscode\extensions\redhat.java-1.32.2024061408-win32-x64\jre\17.0.11-win32-x86_64\bin\nio.dll
Event: 0.715 Loaded shared library C:\Users\sagar\.vscode\extensions\redhat.java-1.32.2024061408-win32-x64\jre\17.0.11-win32-x86_64\bin\zip.dll
Event: 7.371 Loaded shared library C:\Users\sagar\.vscode\extensions\redhat.java-1.32.2024061408-win32-x64\jre\17.0.11-win32-x86_64\bin\jimage.dll
Event: 8.873 Loaded shared library c:\Users\sagar\.vscode\extensions\redhat.java-1.32.2024061408-win32-x64\jre\17.0.11-win32-x86_64\bin\verify.dll
Event: 13.068 Loaded shared library C:\Users\sagar\.vscode\extensions\redhat.java-1.32.2024061408-win32-x64\jre\17.0.11-win32-x86_64\bin\management.dll
Event: 13.071 Loaded shared library C:\Users\sagar\.vscode\extensions\redhat.java-1.32.2024061408-win32-x64\jre\17.0.11-win32-x86_64\bin\management_ext.dll
Event: 14.331 Loaded shared library C:\Users\sagar\.vscode\extensions\redhat.java-1.32.2024061408-win32-x64\jre\17.0.11-win32-x86_64\bin\sunmscapi.dll
Event: 14.707 Loaded shared library C:\Users\sagar\.vscode\extensions\redhat.java-1.32.2024061408-win32-x64\jre\17.0.11-win32-x86_64\bin\extnet.dll
Event: 2060.718 Loaded shared library C:\Users\sagar\.vscode\extensions\redhat.java-1.32.2024061408-win32-x64\jre\17.0.11-win32-x86_64\bin\rmi.dll

Deoptimization events (20 events):
Event: 43.914 Thread 0x000002ba24f6dfa0 DEOPT PACKING pc=0x000002ba173bfc24 sp=0x000000caba7feda0
Event: 43.914 Thread 0x000002ba24f6dfa0 DEOPT UNPACKING pc=0x000002ba16d27143 sp=0x000000caba7fe288 mode 0
Event: 109.360 Thread 0x000002ba24f6e9c0 DEOPT PACKING pc=0x000002ba16ed9f34 sp=0x000000cab77fe0d0
Event: 109.360 Thread 0x000002ba24f6e9c0 DEOPT UNPACKING pc=0x000002ba16d27143 sp=0x000000cab77fd620 mode 0
Event: 112.716 Thread 0x000002ba24ed1940 DEOPT PACKING pc=0x000002ba174d2d0c sp=0x000000caba2fe6b0
Event: 112.716 Thread 0x000002ba24ed1940 DEOPT UNPACKING pc=0x000002ba16d27143 sp=0x000000caba2fdc18 mode 0
Event: 112.716 Thread 0x000002ba24ed1940 DEOPT PACKING pc=0x000002ba16f001cc sp=0x000000caba2fe7e0
Event: 112.716 Thread 0x000002ba24ed1940 DEOPT UNPACKING pc=0x000002ba16d27143 sp=0x000000caba2fdcc0 mode 0
Event: 112.716 Thread 0x000002ba24ed1940 DEOPT PACKING pc=0x000002ba174d2d0c sp=0x000000caba2fe910
Event: 112.716 Thread 0x000002ba24ed1940 DEOPT UNPACKING pc=0x000002ba16d27143 sp=0x000000caba2fde78 mode 0
Event: 112.716 Thread 0x000002ba24ed1940 DEOPT PACKING pc=0x000002ba16f001cc sp=0x000000caba2fea40
Event: 112.716 Thread 0x000002ba24ed1940 DEOPT UNPACKING pc=0x000002ba16d27143 sp=0x000000caba2fdf38 mode 0
Event: 112.722 Thread 0x000002ba24ed1940 DEOPT PACKING pc=0x000002ba174d2d0c sp=0x000000caba2fedb0
Event: 112.722 Thread 0x000002ba24ed1940 DEOPT UNPACKING pc=0x000002ba16d27143 sp=0x000000caba2fe318 mode 0
Event: 112.722 Thread 0x000002ba24ed1940 DEOPT PACKING pc=0x000002ba16f001cc sp=0x000000caba2feee0
Event: 112.722 Thread 0x000002ba24ed1940 DEOPT UNPACKING pc=0x000002ba16d27143 sp=0x000000caba2fe3d8 mode 0
Event: 332.041 Thread 0x000002ba24e8e930 DEOPT PACKING pc=0x000002ba172de654 sp=0x000000cab9cff130
Event: 332.041 Thread 0x000002ba24e8e930 DEOPT UNPACKING pc=0x000002ba16d27143 sp=0x000000cab9cfe5b8 mode 0
Event: 2053.565 Thread 0x000002ba250b7550 DEOPT PACKING pc=0x000002ba17d42eb4 sp=0x000000cab79feb50
Event: 2053.566 Thread 0x000002ba250b7550 DEOPT UNPACKING pc=0x000002ba16d27143 sp=0x000000cab79fe118 mode 0

Classes unloaded (20 events):
Event: 13578.009 Thread 0x000002ba1f277230 Unloading class 0x00000001007af000 'jdk/internal/reflect/GeneratedSerializationConstructorAccessor97'
Event: 13578.009 Thread 0x000002ba1f277230 Unloading class 0x0000000100094c00 'jdk/internal/reflect/GeneratedSerializationConstructorAccessor96'
Event: 13843.564 Thread 0x000002ba1f277230 Unloading class 0x00000001003b1c00 'jdk/internal/reflect/GeneratedSerializationConstructorAccessor101'
Event: 13843.564 Thread 0x000002ba1f277230 Unloading class 0x00000001007c0800 'jdk/internal/reflect/GeneratedSerializationConstructorAccessor100'
Event: 13843.564 Thread 0x000002ba1f277230 Unloading class 0x00000001007bfc00 'jdk/internal/reflect/GeneratedSerializationConstructorAccessor99'
Event: 14169.206 Thread 0x000002ba1f277230 Unloading class 0x00000001007bfc00 'jdk/internal/reflect/GeneratedSerializationConstructorAccessor104'
Event: 14169.206 Thread 0x000002ba1f277230 Unloading class 0x00000001007c0800 'jdk/internal/reflect/GeneratedSerializationConstructorAccessor103'
Event: 14169.206 Thread 0x000002ba1f277230 Unloading class 0x00000001003b1c00 'jdk/internal/reflect/GeneratedSerializationConstructorAccessor102'
Event: 14189.847 Thread 0x000002ba1f277230 Unloading class 0x00000001007be000 'java/lang/invoke/LambdaForm$MH+0x00000001007be000'
Event: 14189.848 Thread 0x000002ba1f277230 Unloading class 0x000000010008d400 'java/lang/invoke/LambdaForm$MH+0x000000010008d400'
Event: 14189.848 Thread 0x000002ba1f277230 Unloading class 0x00000001007a9000 'java/lang/invoke/LambdaForm$MH+0x00000001007a9000'
Event: 14189.848 Thread 0x000002ba1f277230 Unloading class 0x00000001007a9c00 'java/lang/invoke/LambdaForm$MH+0x00000001007a9c00'
Event: 14189.848 Thread 0x000002ba1f277230 Unloading class 0x00000001007ac800 'java/lang/invoke/LambdaForm$MH+0x00000001007ac800'
Event: 14189.848 Thread 0x000002ba1f277230 Unloading class 0x00000001007be800 'java/lang/invoke/LambdaForm$MH+0x00000001007be800'
Event: 14189.848 Thread 0x000002ba1f277230 Unloading class 0x00000001007b9c00 'java/lang/invoke/LambdaForm$MH+0x00000001007b9c00'
Event: 14189.848 Thread 0x000002ba1f277230 Unloading class 0x00000001007d0400 'java/lang/invoke/LambdaForm$MH+0x00000001007d0400'
Event: 14189.848 Thread 0x000002ba1f277230 Unloading class 0x000000010008c000 'java/lang/invoke/LambdaForm$MH+0x000000010008c000'
Event: 14189.848 Thread 0x000002ba1f277230 Unloading class 0x00000001007a6400 'java/lang/invoke/LambdaForm$MH+0x00000001007a6400'
Event: 14189.848 Thread 0x000002ba1f277230 Unloading class 0x00000001003b8400 'java/lang/invoke/LambdaForm$MH+0x00000001003b8400'
Event: 14189.848 Thread 0x000002ba1f277230 Unloading class 0x00000001003b2c00 'java/lang/invoke/LambdaForm$MH+0x00000001003b2c00'

Classes redefined (0 events):
No events

Internal exceptions (20 events):
Event: 14124.172 Thread 0x000002ba24f70820 Exception <a 'java/lang/InterruptedException'{0x00000000c7eaf5c0}: sleep interrupted> (0x00000000c7eaf5c0) 
thrown [s\src\hotspot\share\prims\jvm.cpp, line 3064]
Event: 14124.172 Thread 0x000002ba24f71c60 Exception <a 'java/io/IOException'{0x00000000c7ef3690}: Connection reset by peer> (0x00000000c7ef3690) 
thrown [s\src\hotspot\share\prims\jni.cpp, line 535]
Event: 14124.180 Thread 0x000002ba24f71c60 Exception <a 'java/net/ConnectException'{0x00000000c7ef4320}: Connection refused: connect> (0x00000000c7ef4320) 
thrown [s\src\hotspot\share\prims\jni.cpp, line 535]
Event: 14124.181 Thread 0x000002ba24f71c60 Exception <a 'java/net/SocketException'{0x00000000c7ef4658}: Socket is not connected: shutdown> (0x00000000c7ef4658) 
thrown [s\src\hotspot\share\prims\jni.cpp, line 535]
Event: 14158.983 Thread 0x000002ba250ba7f0 Exception <a 'java/net/ConnectException'{0x00000000c8101118}: Connection refused: connect> (0x00000000c8101118) 
thrown [s\src\hotspot\share\prims\jni.cpp, line 535]
Event: 14158.983 Thread 0x000002ba250ba7f0 Exception <a 'java/net/SocketException'{0x00000000c8101450}: Socket is not connected: shutdown> (0x00000000c8101450) 
thrown [s\src\hotspot\share\prims\jni.cpp, line 535]
Event: 14338.993 Thread 0x000002ba250ba7f0 Exception <a 'java/net/ConnectException'{0x00000000c7e01778}: Connection refused: connect> (0x00000000c7e01778) 
thrown [s\src\hotspot\share\prims\jni.cpp, line 535]
Event: 14338.994 Thread 0x000002ba250ba7f0 Exception <a 'java/net/SocketException'{0x00000000c7e01ab0}: Socket is not connected: shutdown> (0x00000000c7e01ab0) 
thrown [s\src\hotspot\share\prims\jni.cpp, line 535]
Event: 14351.481 Thread 0x000002ba250ba7f0 Exception <a 'java/net/ConnectException'{0x00000000c7e00de8}: Connection refused: connect> (0x00000000c7e00de8) 
thrown [s\src\hotspot\share\prims\jni.cpp, line 535]
Event: 14351.481 Thread 0x000002ba250ba7f0 Exception <a 'java/net/SocketException'{0x00000000c7e01120}: Socket is not connected: shutdown> (0x00000000c7e01120) 
thrown [s\src\hotspot\share\prims\jni.cpp, line 535]
Event: 14351.501 Thread 0x000002ba250ba7f0 Exception <a 'java/net/ConnectException'{0x00000000c7e01d40}: Connection refused: connect> (0x00000000c7e01d40) 
thrown [s\src\hotspot\share\prims\jni.cpp, line 535]
Event: 14351.501 Thread 0x000002ba250ba7f0 Exception <a 'java/net/SocketException'{0x00000000c7e02078}: Socket is not connected: shutdown> (0x00000000c7e02078) 
thrown [s\src\hotspot\share\prims\jni.cpp, line 535]
Event: 14351.512 Thread 0x000002ba250ba7f0 Exception <a 'java/net/ConnectException'{0x00000000c7e02c20}: Connection refused: connect> (0x00000000c7e02c20) 
thrown [s\src\hotspot\share\prims\jni.cpp, line 535]
Event: 14351.512 Thread 0x000002ba250ba7f0 Exception <a 'java/net/SocketException'{0x00000000c7e02f58}: Socket is not connected: shutdown> (0x00000000c7e02f58) 
thrown [s\src\hotspot\share\prims\jni.cpp, line 535]
Event: 14351.512 Thread 0x000002ba250ba7f0 Exception <a 'java/net/ConnectException'{0x00000000c7e03af0}: Connection refused: connect> (0x00000000c7e03af0) 
thrown [s\src\hotspot\share\prims\jni.cpp, line 535]
Event: 14351.512 Thread 0x000002ba250ba7f0 Exception <a 'java/net/SocketException'{0x00000000c7e03e28}: Socket is not connected: shutdown> (0x00000000c7e03e28) 
thrown [s\src\hotspot\share\prims\jni.cpp, line 535]
Event: 14352.527 Thread 0x000002ba250ba7f0 Exception <a 'java/net/ConnectException'{0x00000000c7e049d0}: Connection refused: connect> (0x00000000c7e049d0) 
thrown [s\src\hotspot\share\prims\jni.cpp, line 535]
Event: 14352.527 Thread 0x000002ba250ba7f0 Exception <a 'java/net/SocketException'{0x00000000c7e04d08}: Socket is not connected: shutdown> (0x00000000c7e04d08) 
thrown [s\src\hotspot\share\prims\jni.cpp, line 535]
Event: 14352.528 Thread 0x000002ba250ba7f0 Exception <a 'java/net/ConnectException'{0x00000000c7e058a0}: Connection refused: connect> (0x00000000c7e058a0) 
thrown [s\src\hotspot\share\prims\jni.cpp, line 535]
Event: 14352.528 Thread 0x000002ba250ba7f0 Exception <a 'java/net/SocketException'{0x00000000c7e05bd8}: Socket is not connected: shutdown> (0x00000000c7e05bd8) 
thrown [s\src\hotspot\share\prims\jni.cpp, line 535]

VM Operations (20 events):
Event: 17551.068 Executing VM operation: G1CollectFull done
Event: 17561.160 Executing VM operation: G1CollectFull
Event: 17561.185 Executing VM operation: G1CollectFull done
Event: 17571.277 Executing VM operation: G1CollectFull
Event: 17571.299 Executing VM operation: G1CollectFull done
Event: 17581.399 Executing VM operation: G1CollectFull
Event: 17581.423 Executing VM operation: G1CollectFull done
Event: 17591.500 Executing VM operation: G1CollectFull
Event: 17591.526 Executing VM operation: G1CollectFull done
Event: 17601.634 Executing VM operation: G1CollectFull
Event: 17601.661 Executing VM operation: G1CollectFull done
Event: 17611.735 Executing VM operation: G1CollectFull
Event: 17611.762 Executing VM operation: G1CollectFull done
Event: 17621.838 Executing VM operation: G1CollectFull
Event: 17621.862 Executing VM operation: G1CollectFull done
Event: 17631.955 Executing VM operation: G1CollectFull
Event: 17631.979 Executing VM operation: G1CollectFull done
Event: 17642.071 Executing VM operation: G1CollectFull
Event: 17642.096 Executing VM operation: G1CollectFull done
Event: 17652.468 Executing VM operation: G1CollectFull

Events (20 events):
Event: 14124.169 loading class javax/management/NotificationBroadcasterSupport$WildcardListenerInfo
Event: 14124.171 loading class javax/management/NotificationBroadcasterSupport$WildcardListenerInfo done
Event: 14124.172 Thread 0x000002ba24f70820 Thread exited: 0x000002ba24f70820
Event: 14124.181 loading class sun/net/util/SocketExceptions
Event: 14124.192 loading class sun/net/util/SocketExceptions done
Event: 14124.192 loading class java/rmi/ConnectException
Event: 14124.222 loading class java/rmi/ConnectException done
Event: 14142.229 Thread 0x000002ba250b7f70 Thread exited: 0x000002ba250b7f70
Event: 14158.981 Thread 0x000002ba250bad00 Thread exited: 0x000002ba250bad00
Event: 14184.218 Thread 0x000002ba250b5c00 Thread exited: 0x000002ba250b5c00
Event: 14184.465 Thread 0x000002ba250b6620 Thread exited: 0x000002ba250b6620
Event: 14351.481 loading class java/rmi/UnmarshalException
Event: 14351.500 loading class java/rmi/UnmarshalException done
Event: 14352.528 Thread 0x000002ba250ba7f0 Thread exited: 0x000002ba250ba7f0
Event: 14545.282 Thread 0x000002ba250b7550 Thread added: 0x000002ba250b7550
Event: 14545.289 Thread 0x000002ba250b8990 Thread added: 0x000002ba250b8990
Event: 14545.295 Thread 0x000002ba250b7f70 Thread added: 0x000002ba250b7f70
Event: 14605.298 Thread 0x000002ba250b7550 Thread exited: 0x000002ba250b7550
Event: 14605.367 Thread 0x000002ba250b7f70 Thread exited: 0x000002ba250b7f70
Event: 14605.378 Thread 0x000002ba250b8990 Thread exited: 0x000002ba250b8990


Dynamic libraries:
0x00007ff670150000 - 0x00007ff67015e000 	c:\Users\sagar\.vscode\extensions\redhat.java-1.32.2024061408-win32-x64\jre\17.0.11-win32-x86_64\bin\java.exe
0x00007ff902b30000 - 0x00007ff902d47000 	C:\Windows\SYSTEM32\ntdll.dll
0x00007ff900bc0000 - 0x00007ff900c84000 	C:\Windows\System32\KERNEL32.DLL
0x00007ff900180000 - 0x00007ff90052d000 	C:\Windows\System32\KERNELBASE.dll
0x00007ff8ffff0000 - 0x00007ff900101000 	C:\Windows\System32\ucrtbase.dll
0x00007ff8c7d70000 - 0x00007ff8c7d87000 	c:\Users\sagar\.vscode\extensions\redhat.java-1.32.2024061408-win32-x64\jre\17.0.11-win32-x86_64\bin\jli.dll
0x00007ff8c7d50000 - 0x00007ff8c7d6b000 	c:\Users\sagar\.vscode\extensions\redhat.java-1.32.2024061408-win32-x64\jre\17.0.11-win32-x86_64\bin\VCRUNTIME140.dll
0x00007ff901c00000 - 0x00007ff901dae000 	C:\Windows\System32\USER32.dll
0x00007ff9005b0000 - 0x00007ff9005d6000 	C:\Windows\System32\win32u.dll
0x00007ff9009d0000 - 0x00007ff9009f9000 	C:\Windows\System32\GDI32.dll
0x00007ff8ea150000 - 0x00007ff8ea3e3000 	C:\Windows\WinSxS\amd64_microsoft.windows.common-controls_6595b64144ccf1df_6.0.22621.3672_none_2713b9d173822955\COMCTL32.dll
0x00007ff9005e0000 - 0x00007ff9006f9000 	C:\Windows\System32\gdi32full.dll
0x00007ff900700000 - 0x00007ff90079a000 	C:\Windows\System32\msvcp_win.dll
0x00007ff900c90000 - 0x00007ff900d37000 	C:\Windows\System32\msvcrt.dll
0x00007ff9018c0000 - 0x00007ff9018f1000 	C:\Windows\System32\IMM32.DLL
0x00007ff8c7d40000 - 0x00007ff8c7d4c000 	c:\Users\sagar\.vscode\extensions\redhat.java-1.32.2024061408-win32-x64\jre\17.0.11-win32-x86_64\bin\vcruntime140_1.dll
0x00007ff89dac0000 - 0x00007ff89db4d000 	c:\Users\sagar\.vscode\extensions\redhat.java-1.32.2024061408-win32-x64\jre\17.0.11-win32-x86_64\bin\msvcp140.dll
0x00007ff890080000 - 0x00007ff890ce2000 	c:\Users\sagar\.vscode\extensions\redhat.java-1.32.2024061408-win32-x64\jre\17.0.11-win32-x86_64\bin\server\jvm.dll
0x00007ff902470000 - 0x00007ff902522000 	C:\Windows\System32\ADVAPI32.dll
0x00007ff901db0000 - 0x00007ff901e59000 	C:\Windows\System32\sechost.dll
0x00007ff8fffc0000 - 0x00007ff8fffe8000 	C:\Windows\System32\bcrypt.dll
0x00007ff900860000 - 0x00007ff900974000 	C:\Windows\System32\RPCRT4.dll
0x00007ff8ffd10000 - 0x00007ff8ffd5d000 	C:\Windows\SYSTEM32\POWRPROF.dll
0x00007ff8dbbd0000 - 0x00007ff8dbbd9000 	C:\Windows\SYSTEM32\WSOCK32.dll
0x00007ff8fa960000 - 0x00007ff8fa994000 	C:\Windows\SYSTEM32\WINMM.dll
0x00007ff9015b0000 - 0x00007ff901621000 	C:\Windows\System32\WS2_32.dll
0x00007ff8f8190000 - 0x00007ff8f819a000 	C:\Windows\SYSTEM32\VERSION.dll
0x00007ff8ffb40000 - 0x00007ff8ffb53000 	C:\Windows\SYSTEM32\UMPDC.dll
0x00007ff8fee80000 - 0x00007ff8fee98000 	C:\Windows\SYSTEM32\kernel.appcore.dll
0x00007ff8c7d30000 - 0x00007ff8c7d3a000 	c:\Users\sagar\.vscode\extensions\redhat.java-1.32.2024061408-win32-x64\jre\17.0.11-win32-x86_64\bin\jimage.dll
0x00007ff8f6b90000 - 0x00007ff8f6dc2000 	C:\Windows\SYSTEM32\DBGHELP.DLL
0x00007ff902760000 - 0x00007ff902aed000 	C:\Windows\System32\combase.dll
0x00007ff9017d0000 - 0x00007ff9018a7000 	C:\Windows\System32\OLEAUT32.dll
0x00007ff8dfdb0000 - 0x00007ff8dfde2000 	C:\Windows\SYSTEM32\dbgcore.DLL
0x00007ff900530000 - 0x00007ff9005ab000 	C:\Windows\System32\bcryptPrimitives.dll
0x00007ff8c7cf0000 - 0x00007ff8c7d15000 	c:\Users\sagar\.vscode\extensions\redhat.java-1.32.2024061408-win32-x64\jre\17.0.11-win32-x86_64\bin\java.dll
0x00007ff8c7cd0000 - 0x00007ff8c7ce8000 	c:\Users\sagar\.vscode\extensions\redhat.java-1.32.2024061408-win32-x64\jre\17.0.11-win32-x86_64\bin\zip.dll
0x00007ff900d40000 - 0x00007ff9015a7000 	C:\Windows\System32\SHELL32.dll
0x00007ff8fdd60000 - 0x00007ff8fe65e000 	C:\Windows\SYSTEM32\windows.storage.dll
0x00007ff8fdc20000 - 0x00007ff8fdd5f000 	C:\Windows\SYSTEM32\wintypes.dll
0x00007ff901b00000 - 0x00007ff901bf9000 	C:\Windows\System32\SHCORE.dll
0x00007ff902530000 - 0x00007ff90258e000 	C:\Windows\System32\shlwapi.dll
0x00007ff8ffd80000 - 0x00007ff8ffda1000 	C:\Windows\SYSTEM32\profapi.dll
0x00007ff8c2a40000 - 0x00007ff8c2a59000 	C:\Users\sagar\.vscode\extensions\redhat.java-1.32.2024061408-win32-x64\jre\17.0.11-win32-x86_64\bin\net.dll
0x00007ff8fb4a0000 - 0x00007ff8fb5d6000 	C:\Windows\SYSTEM32\WINHTTP.dll
0x00007ff8ff2f0000 - 0x00007ff8ff359000 	C:\Windows\system32\mswsock.dll
0x00007ff8a27a0000 - 0x00007ff8a27b6000 	C:\Users\sagar\.vscode\extensions\redhat.java-1.32.2024061408-win32-x64\jre\17.0.11-win32-x86_64\bin\nio.dll
0x00007ff8c7cc0000 - 0x00007ff8c7cd0000 	c:\Users\sagar\.vscode\extensions\redhat.java-1.32.2024061408-win32-x64\jre\17.0.11-win32-x86_64\bin\verify.dll
0x00007ff8ff560000 - 0x00007ff8ff57b000 	C:\Windows\SYSTEM32\CRYPTSP.dll
0x00007ff8fede0000 - 0x00007ff8fee15000 	C:\Windows\system32\rsaenh.dll
0x00007ff8ff3f0000 - 0x00007ff8ff418000 	C:\Windows\SYSTEM32\USERENV.dll
0x00007ff8ff550000 - 0x00007ff8ff55c000 	C:\Windows\SYSTEM32\CRYPTBASE.dll
0x00007ff8fe900000 - 0x00007ff8fe92d000 	C:\Windows\SYSTEM32\IPHLPAPI.DLL
0x00007ff901760000 - 0x00007ff901769000 	C:\Windows\System32\NSI.dll
0x00007ff8fbb50000 - 0x00007ff8fbb69000 	C:\Windows\SYSTEM32\dhcpcsvc6.DLL
0x00007ff8fb370000 - 0x00007ff8fb38f000 	C:\Windows\SYSTEM32\dhcpcsvc.DLL
0x00007ff8fe930000 - 0x00007ff8fea28000 	C:\Windows\SYSTEM32\DNSAPI.dll
0x00007ff8c5280000 - 0x00007ff8c5289000 	C:\Users\sagar\.vscode\extensions\redhat.java-1.32.2024061408-win32-x64\jre\17.0.11-win32-x86_64\bin\management.dll
0x00007ff8c2dd0000 - 0x00007ff8c2ddb000 	C:\Users\sagar\.vscode\extensions\redhat.java-1.32.2024061408-win32-x64\jre\17.0.11-win32-x86_64\bin\management_ext.dll
0x00007ff9018b0000 - 0x00007ff9018b8000 	C:\Windows\System32\PSAPI.DLL
0x00007ff8e6bc0000 - 0x00007ff8e6bce000 	C:\Users\sagar\.vscode\extensions\redhat.java-1.32.2024061408-win32-x64\jre\17.0.11-win32-x86_64\bin\sunmscapi.dll
0x00007ff8ffe50000 - 0x00007ff8fffb7000 	C:\Windows\System32\CRYPT32.dll
0x00007ff8ff710000 - 0x00007ff8ff73e000 	C:\Windows\SYSTEM32\ncrypt.dll
0x00007ff8ff6d0000 - 0x00007ff8ff707000 	C:\Windows\SYSTEM32\NTASN1.dll
0x00007ff8f7a00000 - 0x00007ff8f7a0a000 	C:\Windows\System32\rasadhlp.dll
0x00007ff8fa200000 - 0x00007ff8fa283000 	C:\Windows\System32\fwpuclnt.dll
0x00007ff8ae870000 - 0x00007ff8ae879000 	C:\Users\sagar\.vscode\extensions\redhat.java-1.32.2024061408-win32-x64\jre\17.0.11-win32-x86_64\bin\extnet.dll
0x00007ff8d7640000 - 0x00007ff8d7657000 	C:\Windows\system32\napinsp.dll
0x00007ff8d7620000 - 0x00007ff8d763b000 	C:\Windows\system32\pnrpnsp.dll
0x00007ff8d75c0000 - 0x00007ff8d75d1000 	C:\Windows\System32\winrnr.dll
0x00007ff8fa160000 - 0x00007ff8fa175000 	C:\Windows\system32\wshbth.dll
0x00007ff8d7590000 - 0x00007ff8d75b7000 	C:\Windows\system32\nlansp_c.dll
0x00007ff8fabc0000 - 0x00007ff8fabc7000 	C:\Users\sagar\.vscode\extensions\redhat.java-1.32.2024061408-win32-x64\jre\17.0.11-win32-x86_64\bin\rmi.dll

dbghelp: loaded successfully - version: 4.0.5 - missing functions: none
symbol engine: initialized successfully - sym options: 0x614 - pdb path: .;c:\Users\sagar\.vscode\extensions\redhat.java-1.32.2024061408-win32-x64\jre\17.0.11-win32-x86_64\bin;C:\Windows\SYSTEM32;C:\Windows\WinSxS\amd64_microsoft.windows.common-controls_6595b64144ccf1df_6.0.22621.3672_none_2713b9d173822955;c:\Users\sagar\.vscode\extensions\redhat.java-1.32.2024061408-win32-x64\jre\17.0.11-win32-x86_64\bin\server

VM Arguments:
jvm_args: -Xmx1024m -Dsts.lsp.client=vscode -Dsts.log.file=/dev/null -XX:TieredStopAtLevel=1 -Xlog:jni+resolve=off -Dspring.config.location=file:c:\Users\sagar\.vscode\extensions\vmware.vscode-spring-boot-1.56.0\language-server\BOOT-INF\classes\application.properties 
java_command: org.springframework.ide.vscode.boot.app.BootLanguageServerBootApp
java_class_path (initial): c:\Users\sagar\.vscode\extensions\vmware.vscode-spring-boot-1.56.0\language-server\BOOT-INF\classes;c:\Users\sagar\.vscode\extensions\vmware.vscode-spring-boot-1.56.0\language-server\BOOT-INF\lib\annotations-24.1.0.jar;c:\Users\sagar\.vscode\extensions\vmware.vscode-spring-boot-1.56.0\language-server\BOOT-INF\lib\antlr4-runtime-4.13.1.jar;c:\Users\sagar\.vscode\extensions\vmware.vscode-spring-boot-1.56.0\language-server\BOOT-INF\lib\asm-9.7.jar;c:\Users\sagar\.vscode\extensions\vmware.vscode-spring-boot-1.56.0\language-server\BOOT-INF\lib\asm-analysis-9.7.jar;c:\Users\sagar\.vscode\extensions\vmware.vscode-spring-boot-1.56.0\language-server\BOOT-INF\lib\asm-tree-9.7.jar;c:\Users\sagar\.vscode\extensions\vmware.vscode-spring-boot-1.56.0\language-server\BOOT-INF\lib\asm-util-9.7.jar;c:\Users\sagar\.vscode\extensions\vmware.vscode-spring-boot-1.56.0\language-server\BOOT-INF\lib\caffeine-3.1.8.jar;c:\Users\sagar\.vscode\extensions\vmware.vscode-spring-boot-1.56.0\language-server\BOOT-INF\lib\checker-qual-3.12.0.jar;c:\Users\sagar\.vscode\extensions\vmware.vscode-spring-boot-1.56.0\language-server\BOOT-INF\lib\classgraph-4.8.149.jar;c:\Users\sagar\.vscode\extensions\vmware.vscode-spring-boot-1.56.0\language-server\BOOT-INF\lib\commons-codec-1.16.1.jar;c:\Users\sagar\.vscode\extensions\vmware.vscode-spring-boot-1.56.0\language-server\BOOT-INF\lib\commons-compress-1.26.2.jar;c:\Users\sagar\.vscode\extensions\vmware.vscode-spring-boot-1.56.0\language-server\BOOT-INF\lib\commons-io-2.16.1.jar;c:\Users\sagar\.vscode\extensions\vmware.vscode-spring-boot-1.56.0\language-server\BOOT-INF\lib\commons-java-1.56.0-SNAPSHOT.jar;c:\Users\sagar\.vscode\extensions\vmware.vscode-spring-boot-1.56.0\language-server\BOOT-INF\lib\commons-lang3-3.14.0.jar;c:\Users\sagar\.vscode\extensions\vmware.vscode-spring-boot-1.56.0\language-server\BOOT-INF\lib\commons-language-server-1.56.0-SNAPSHOT.jar;c:\Users\sagar\.vscode\extensions\vmware.vscode-spring-boot-1.56.0\langu
Launcher Type: SUN_STANDARD

[Global flags]
     intx CICompilerCount                          = 4                                         {product} {ergonomic}
     uint ConcGCThreads                            = 3                                         {product} {ergonomic}
     uint G1ConcRefinementThreads                  = 10                                        {product} {ergonomic}
   size_t G1HeapRegionSize                         = 1048576                                   {product} {ergonomic}
    uintx GCDrainStackTargetSize                   = 64                                        {product} {ergonomic}
   size_t InitialHeapSize                          = 123731968                                 {product} {ergonomic}
   size_t MarkStackSize                            = 4194304                                   {product} {ergonomic}
   size_t MaxHeapSize                              = 1073741824                                {product} {command line}
   size_t MaxNewSize                               = 643825664                                 {product} {ergonomic}
   size_t MinHeapDeltaBytes                        = 1048576                                   {product} {ergonomic}
   size_t MinHeapSize                              = 8388608                                   {product} {ergonomic}
    uintx NonProfiledCodeHeapSize                  = 0                                      {pd product} {ergonomic}
     bool ProfileInterpreter                       = false                                  {pd product} {command line}
    uintx ProfiledCodeHeapSize                     = 0                                      {pd product} {ergonomic}
   size_t SoftMaxHeapSize                          = 1073741824                             {manageable} {ergonomic}
     intx TieredStopAtLevel                        = 1                                         {product} {command line}
     bool UseCompressedClassPointers               = true                           {product lp64_product} {ergonomic}
     bool UseCompressedOops                        = true                           {product lp64_product} {ergonomic}
     bool UseG1GC                                  = true                                      {product} {ergonomic}
     bool UseLargePagesIndividualAllocation        = false                                  {pd product} {ergonomic}

Logging:
Log output configuration:
 #0: stdout all=warning,jni+resolve=off uptime,level,tags
 #1: stderr all=off uptime,level,tags

Environment Variables:
JAVA_HOME=C:\Program Files\Java\jdk-17
PATH=C:\Program Files\Python312\Scripts\;C:\Program Files\Python312\;C:\Program Files\Common Files\Oracle\Java\javapath;C:\Program Files (x86)\Common Files\Oracle\Java\java8path;C:\Program Files (x86)\Common Files\Oracle\Java\javapath;C:\Windows\system32;C:\Windows;C:\Windows\System32\Wbem;C:\Windows\System32\WindowsPowerShell\v1.0\;C:\Windows\System32\OpenSSH\;C:\Program Files\nodejs\;C:\Program Files\Git\cmd;C:\xampp\php;C:\Users\sagar\AppData\Roaming\npm\bin;C:\Windows\system32;C:\Windows;C:\Windows\System32\Wbem;C:\Windows\System32\WindowsPowerShell\v1.0\;C:\Windows\System32\OpenSSH\;C:\Program Files\nodejs\;C:\Program Files\Git\cmd;C:\Windows\system32;C:\Windows;C:\Windows\System32\Wbem;C:\Windows\System32\WindowsPowerShell\v1.0\;C:\Windows\System32\OpenSSH\;C:\Program Files\nodejs\;C:\Program Files\Git\cmd;C:\Users\sagar\AppData\Local\Programs\Microsoft VS Code\bin;C:\flutter\bin;C:\Users\sagar\AppData\Local\Pub\Cache\bin;C:\Program Files\Java\jre1.8.0_202\bin;C:\Program Files\Java\jdk-17\bin;C:\Program Files\Java\jdk-22\bin;
USERNAME=sagar
OS=Windows_NT
PROCESSOR_IDENTIFIER=AMD64 Family 25 Model 80 Stepping 0, AuthenticAMD
TMP=C:\Users\sagar\AppData\Local\Temp
TEMP=C:\Users\sagar\AppData\Local\Temp



Periodic native trim disabled


---------------  S Y S T E M  ---------------

OS:
 Windows 11 , 64 bit Build 22621 (10.0.22621.3958)
OS uptime: 0 days 6:15 hours
Hyper-V role detected

CPU: total 12 (initial active 12) (12 cores per cpu, 2 threads per core) family 25 model 80 stepping 0 microcode 0x0, cx8, cmov, fxsr, ht, mmx, 3dnowpref, sse, sse2, sse3, ssse3, sse4a, sse4.1, sse4.2, popcnt, lzcnt, tsc, tscinvbit, avx, avx2, aes, erms, clmul, bmi1, bmi2, adx, sha, fma, vzeroupper, clflush, clflushopt, hv
Processor Information for all 12 processors :
  Max Mhz: 3301, Current Mhz: 3301, Mhz Limit: 3301

Memory: 4k page, system-wide physical 7521M (161M free)
TotalPageFile size 31073M (AvailPageFile size 10M)
current process WorkingSet (physical memory assigned to process): 78M, peak: 319M
current process commit charge ("private bytes"): 319M, peak: 430M

vm_info: OpenJDK 64-Bit Server VM (17.0.11+9) for windows-amd64 JRE (17.0.11+9), built on Apr 17 2024 06:07:48 by "admin" with MS VC++ 16.10 / 16.11 (VS2019)

END.
